<?xml version="1.0" encoding="UTF-8"?>
<testsuite xmlns:xsi="http://www.w3.org/2001/XMLSchema-instance" xsi:noNamespaceSchemaLocation="https://maven.apache.org/surefire/maven-surefire-plugin/xsd/surefire-test-report.xsd" name="GameStateHandlerTest" time="0.045" tests="12" errors="0" skipped="0" failures="0">
  <properties>
[...]
</properties>
  <testcase name="readyCheckTestOnePlayer" classname="GameStateHandlerTest" time="0.02"/>
  <testcase name="checkWinVerticalY2" classname="GameStateHandlerTest" time="0.011"/>
  <testcase name="checkWinVerticalY3" classname="GameStateHandlerTest" time="0"/>
  <testcase name="readyCheckTestTwoPlayers" classname="GameStateHandlerTest" time="0"/>
  <testcase name="checkWinDiagonalY" classname="GameStateHandlerTest" time="0.001"/>
  <testcase name="checkDraw" classname="GameStateHandlerTest" time="0.001"/>
  <testcase name="checkWinVerticalY" classname="GameStateHandlerTest" time="0"/>
  <testcase name="readyCheckTestError" classname="GameStateHandlerTest" time="0"/>
  <testcase name="checkWinDiagonalY2" classname="GameStateHandlerTest" time="0.001"/>
  <testcase name="checkWinHorizontalX" classname="GameStateHandlerTest" time="0"/>
  <testcase name="checkWinHorizontalX2" classname="GameStateHandlerTest" time="0"/>
  <testcase name="checkWinHorizontalX3" classname="GameStateHandlerTest" time="0.001"/>
</testsuite>